<?xml version="1.0" encoding="UTF-8"?>
<!-- Generated by org.testng.reporters.JUnitXMLReporter -->
<testsuite ignored="0" hostname="LAPTOP-UL54PSPR" failures="0" tests="5" name="Test" time="0.07" errors="0" timestamp="2024-02-15T14:50:22 IST">
  <testcase classname="TestClass_Pakages.Login_Logout" name="@BeforeTest launchBrowser" time="-1.707988822411E9">
    <failure type="org.testng.TestNGException" message="
Can inject only one of &amp;lt;ITestContext, XmlTest&amp;gt; into a @BeforeTest annotated launchBrowser.
For more information on native dependency injection please refer to https://testng.org/doc/documentation-main.html#native-dependency-injection">
      <![CDATA[org.testng.TestNGException: 
Can inject only one of <ITestContext, XmlTest> into a @BeforeTest annotated launchBrowser.
For more information on native dependency injection please refer to https://testng.org/doc/documentation-main.html#native-dependency-injection
... Removed 21 stack frames]]>
    </failure>
  </testcase> <!-- @BeforeTest launchBrowser -->
  <testcase classname="TestClass_Pakages.UpdateResume" name="@BeforeTest launchBrowser" time="-1.707988822421E9">
    <skipped/>
  </testcase> <!-- @BeforeTest launchBrowser -->
  <testcase classname="TestClass_Pakages.Login_Logout" name="@BeforeClass createObject" time="-1.707988822436E9">
    <skipped/>
  </testcase> <!-- @BeforeClass createObject -->
  <testcase classname="TestClass_Pakages.Login_Logout" name="@BeforeMethod loginUserAccount" time="-1.707988822444E9">
    <skipped/>
  </testcase> <!-- @BeforeMethod loginUserAccount -->
  <testcase classname="TestClass_Pakages.Login_Logout" name="@AfterMethod logoutUserAccount" time="-1.70798882245E9">
    <skipped/>
  </testcase> <!-- @AfterMethod logoutUserAccount -->
  <testcase classname="TestClass_Pakages.Login_Logout" name="@BeforeMethod loginUserAccount" time="-1.707988822452E9">
    <skipped/>
  </testcase> <!-- @BeforeMethod loginUserAccount -->
  <testcase classname="TestClass_Pakages.Login_Logout" name="@AfterMethod logoutUserAccount" time="-1.707988822455E9">
    <skipped/>
  </testcase> <!-- @AfterMethod logoutUserAccount -->
  <testcase classname="TestClass_Pakages.Login_Logout" name="@AfterClass clearObjects" time="-1.707988822456E9">
    <skipped/>
  </testcase> <!-- @AfterClass clearObjects -->
  <testcase classname="TestClass_Pakages.UpdateResume" name="@BeforeClass createObject" time="-1.707988822459E9">
    <skipped/>
  </testcase> <!-- @BeforeClass createObject -->
  <testcase classname="TestClass_Pakages.UpdateResume" name="@BeforeMethod loginUserAccount" time="-1.70798882246E9">
    <skipped/>
  </testcase> <!-- @BeforeMethod loginUserAccount -->
  <testcase classname="TestClass_Pakages.UpdateResume" name="@AfterMethod logoutUserAccount" time="-1.707988822462E9">
    <skipped/>
  </testcase> <!-- @AfterMethod logoutUserAccount -->
  <testcase classname="TestClass_Pakages.UpdateResume" name="@BeforeMethod loginUserAccount" time="-1.707988822463E9">
    <skipped/>
  </testcase> <!-- @BeforeMethod loginUserAccount -->
  <testcase classname="TestClass_Pakages.UpdateResume" name="@AfterMethod logoutUserAccount" time="-1.707988822467E9">
    <skipped/>
  </testcase> <!-- @AfterMethod logoutUserAccount -->
  <testcase classname="TestClass_Pakages.UpdateResume" name="@BeforeMethod loginUserAccount" time="-1.707988822468E9">
    <skipped/>
  </testcase> <!-- @BeforeMethod loginUserAccount -->
  <testcase classname="TestClass_Pakages.UpdateResume" name="@AfterMethod logoutUserAccount" time="-1.707988822471E9">
    <skipped/>
  </testcase> <!-- @AfterMethod logoutUserAccount -->
  <testcase classname="TestClass_Pakages.UpdateResume" name="@AfterClass clearObjects" time="-1.707988822472E9">
    <skipped/>
  </testcase> <!-- @AfterClass clearObjects -->
  <testcase classname="TestClass_Pakages.Login_Logout" name="@AfterTest closedBrowser" time="-1.707988822472E9">
    <skipped/>
  </testcase> <!-- @AfterTest closedBrowser -->
  <testcase classname="TestClass_Pakages.UpdateResume" name="@AfterTest closedBrowser" time="-1.707988822473E9">
    <skipped/>
  </testcase> <!-- @AfterTest closedBrowser -->
  <testcase classname="TestClass_Pakages.Login_Logout" name="verifyDashboard" time="0.0">
    <skipped/>
  </testcase> <!-- verifyDashboard -->
  <testcase classname="TestClass_Pakages.Login_Logout" name="verifyLoginPage" time="0.0">
    <skipped/>
  </testcase> <!-- verifyLoginPage -->
  <testcase classname="TestClass_Pakages.UpdateResume" name="verifyDashboard" time="0.0">
    <skipped/>
  </testcase> <!-- verifyDashboard -->
  <testcase classname="TestClass_Pakages.UpdateResume" name="verifyLoginPage" time="0.0">
    <skipped/>
  </testcase> <!-- verifyLoginPage -->
  <testcase classname="TestClass_Pakages.UpdateResume" name="verifyUpdatepage" time="0.0">
    <skipped/>
  </testcase> <!-- verifyUpdatepage -->
</testsuite> <!-- Test -->
