<?xml version="1.0" encoding="UTF-8"?>
<!-- Generated by org.testng.reporters.JUnitXMLReporter -->
<testsuite ignored="0" hostname="LAPTOP-UL54PSPR" failures="0" tests="3" name="Test" time="61.336" errors="0" timestamp="2024-02-15T16:43:20 IST">
  <testcase classname="TestClass_Pakages.LoginPage" name="verifyLoginPage" time="0.015"/>
  <testcase classname="TestClass_Pakages.UpdateResume" name="verifyUpdatepage" time="0.01"/>
  <testcase classname="TestClass_Pakages.Login_Logout" name="verifyDashboard" time="0.007"/>
</testsuite> <!-- Test -->
